<?xml version="1.0" encoding="UTF-8" ?>
<testsuite errors="0" failures="0" hostname="DESKTOP-LMQ1HK4" name="test.JunitTest" skipped="0" tests="1" time="12.175" timestamp="2019-07-09T06:24:14">
  <properties>
    <property name="java.vendor" value="Oracle Corporation" />
    <property name="sun.java.launcher" value="SUN_STANDARD" />
    <property name="eclipse.pdebuild.templates" value="/D:/work/IDE/spring-tool-suite-3.8.2.RELEASE-e4.6.1-win32-x86_64/sts-bundle/sts-3.8.2.RELEASE/plugins/org.eclipse.pde.build_3.9.200.v20160204-0642/templates/" />
    <property name="sun.management.compiler" value="HotSpot 64-Bit Tiered Compilers" />
    <property name="os.name" value="Windows 10" />
    <property name="sun.boot.class.path" value="C:\Program Files\Java\jdk1.8.0_181\jre\lib\resources.jar;C:\Program Files\Java\jdk1.8.0_181\jre\lib\rt.jar;C:\Program Files\Java\jdk1.8.0_181\jre\lib\sunrsasign.jar;C:\Program Files\Java\jdk1.8.0_181\jre\lib\jsse.jar;C:\Program Files\Java\jdk1.8.0_181\jre\lib\jce.jar;C:\Program Files\Java\jdk1.8.0_181\jre\lib\charsets.jar;C:\Program Files\Java\jdk1.8.0_181\jre\lib\jfr.jar;C:\Program Files\Java\jdk1.8.0_181\jre\classes" />
    <property name="sun.desktop" value="windows" />
    <property name="java.vm.specification.vendor" value="Oracle Corporation" />
    <property name="ant.home" value="D:\work\IDE\spring-tool-suite-3.8.2.RELEASE-e4.6.1-win32-x86_64\sts-bundle\sts-3.8.2.RELEASE\plugins\org.apache.ant_1.9.6.v201510161327" />
    <property name="java.runtime.version" value="1.8.0_181-b13" />
    <property name="ant.file.selenium3" value="D:\work\IDE\stsWorkSpace\selenium3\build.xml" />
    <property name="user.name" value="pc_hf" />
    <property name="user.language" value="zh" />
    <property name="sun.boot.library.path" value="C:\Program Files\Java\jdk1.8.0_181\jre\bin" />
    <property name="ant.project.default-target" value="junit" />
    <property name="ant.project.name" value="selenium3" />
    <property name="java.version" value="1.8.0_181" />
    <property name="user.timezone" value="" />
    <property name="sun.arch.data.model" value="64" />
    <property name="java.endorsed.dirs" value="C:\Program Files\Java\jdk1.8.0_181\jre\lib\endorsed" />
    <property name="sun.cpu.isalist" value="amd64" />
    <property name="sun.jnu.encoding" value="GBK" />
    <property name="file.encoding.pkg" value="sun.io" />
    <property name="ant.file.type.selenium3" value="file" />
    <property name="file.separator" value="\" />
    <property name="java.specification.name" value="Java Platform API Specification" />
    <property name="report.path" value="report" />
    <property name="java.class.version" value="52.0" />
    <property name="user.country" value="CN" />
    <property name="java.home" value="C:\Program Files\Java\jdk1.8.0_181\jre" />
    <property name="java.vm.info" value="mixed mode" />
    <property name="ant.file" value="D:\work\IDE\stsWorkSpace\selenium3\build.xml" />
    <property name="os.version" value="10.0" />
    <property name="path.separator" value=";" />
    <property name="java.vm.version" value="25.181-b13" />
    <property name="user.variant" value="" />
    <property name="ant.library.dir" value="D:\work\IDE\spring-tool-suite-3.8.2.RELEASE-e4.6.1-win32-x86_64\sts-bundle\sts-3.8.2.RELEASE\plugins\org.apache.ant_1.9.6.v201510161327\lib" />
    <property name="java.awt.printerjob" value="sun.awt.windows.WPrinterJob" />
    <property name="sun.io.unicode.encoding" value="UnicodeLittle" />
    <property name="awt.toolkit" value="sun.awt.windows.WToolkit" />
    <property name="user.script" value="" />
    <property name="eclipse.pdebuild.scripts" value="/D:/work/IDE/spring-tool-suite-3.8.2.RELEASE-e4.6.1-win32-x86_64/sts-bundle/sts-3.8.2.RELEASE/plugins/org.eclipse.pde.build_3.9.200.v20160204-0642/scripts/" />
    <property name="user.home" value="C:\Users\pc_hf" />
    <property name="java.specification.vendor" value="Oracle Corporation" />
    <property name="java.library.path" value="C:\Program Files\Java\jdk1.8.0_181\jre\bin;C:\WINDOWS\Sun\Java\bin;C:\WINDOWS\system32;C:\WINDOWS;C:/Program Files/Java/jre1.8.0_181/bin/server;C:/Program Files/Java/jre1.8.0_181/bin;C:/Program Files/Java/jre1.8.0_181/lib/amd64;C:\Program Files (x86)\Common Files\Oracle\Java\javapath;C:\Program Files (x86)\Intel\iCLS Client\;C:\Program Files\Intel\iCLS Client\;C:\Windows\system32;C:\Windows;C:\Windows\System32\Wbem;C:\Windows\System32\WindowsPowerShell\v1.0\;C:\Program Files (x86)\Intel\Intel(R) Management Engine Components\DAL;C:\Program Files\Intel\Intel(R) Management Engine Components\DAL;C:\Program Files (x86)\Intel\Intel(R) Management Engine Components\IPT;C:\Program Files\Intel\Intel(R) Management Engine Components\IPT;C:\Program Files (x86)\NVIDIA Corporation\PhysX\Common;D:\work\maven\apache-maven-3.3.3\bin;C:\WINDOWS\system32;C:\WINDOWS;C:\WINDOWS\System32\Wbem;C:\WINDOWS\System32\WindowsPowerShell\v1.0\;C:\WINDOWS\System32\OpenSSH\;E:\tools\node\;C:\Users\pc_hf\AppData\Local\Microsoft\WindowsApps;E:\tools\cmder\cmder;C:\Users\pc_hf\AppData\Local\Programs\Python\Python37;C:\Users\pc_hf\AppData\Local\Programs\Python\Python37\Scripts;C:\Users\pc_hf\AppData\Roaming\npm;D:\work\IDE\spring-tool-suite-3.8.2.RELEASE-e4.6.1-win32-x86_64\sts-bundle\sts-3.8.2.RELEASE;;." />
    <property name="java.vendor.url" value="http://java.oracle.com/" />
    <property name="java.vm.vendor" value="Oracle Corporation" />
    <property name="java.runtime.name" value="Java(TM) SE Runtime Environment" />
    <property name="sun.java.command" value="org.apache.tools.ant.taskdefs.optional.junit.JUnitTestRunner test.JunitTest skipNonTests=false filtertrace=true haltOnError=false haltOnFailure=false formatter=org.apache.tools.ant.taskdefs.optional.junit.SummaryJUnitResultFormatter showoutput=false outputtoformatters=true logfailedtests=true threadid=0 logtestlistenerevents=false formatter=org.apache.tools.ant.taskdefs.optional.junit.XMLJUnitResultFormatter,D:\work\IDE\stsWorkSpace\selenium3\report\TEST-test.JunitTest.xml crashfile=D:\work\IDE\stsWorkSpace\selenium3\junitvmwatcher8897484778697549184.properties propsfile=D:\work\IDE\stsWorkSpace\selenium3\junit8827553519828080492.properties" />
    <property name="java.class.path" value="D:\work\IDE\stsWorkSpace\selenium3\lib\byte-buddy-1.8.3.jar;D:\work\IDE\stsWorkSpace\selenium3\lib\client-combined-3.12.0-sources.jar;D:\work\IDE\stsWorkSpace\selenium3\lib\client-combined-3.12.0.jar;D:\work\IDE\stsWorkSpace\selenium3\lib\commons-codec-1.10.jar;D:\work\IDE\stsWorkSpace\selenium3\lib\commons-exec-1.3.jar;D:\work\IDE\stsWorkSpace\selenium3\lib\commons-logging-1.2.jar;D:\work\IDE\stsWorkSpace\selenium3\lib\gson-2.8.2.jar;D:\work\IDE\stsWorkSpace\selenium3\lib\guava-23.6-jre.jar;D:\work\IDE\stsWorkSpace\selenium3\lib\hamcrest-core-1.3.jar;D:\work\IDE\stsWorkSpace\selenium3\lib\hamcrest-library-1.3.jar;D:\work\IDE\stsWorkSpace\selenium3\lib\httpclient-4.5.3.jar;D:\work\IDE\stsWorkSpace\selenium3\lib\httpcore-4.4.6.jar;D:\work\IDE\stsWorkSpace\selenium3\lib\junit-4.12.jar;D:\work\IDE\stsWorkSpace\selenium3\lib\okhttp-3.9.1.jar;D:\work\IDE\stsWorkSpace\selenium3\lib\okio-1.13.0.jar;D:\work\IDE\stsWorkSpace\selenium3\build;D:\work\IDE\stsWorkSpace\selenium3;C:\Program Files\Java\jdk1.8.0_181\lib;C:\Program Files\Java\jdk1.8.0_181\lib\tools.jar;D:\work\IDE\spring-tool-suite-3.8.2.RELEASE-e4.6.1-win32-x86_64\sts-bundle\sts-3.8.2.RELEASE\plugins\org.apache.ant_1.9.6.v201510161327\lib\ant-launcher.jar;D:\work\IDE\spring-tool-suite-3.8.2.RELEASE-e4.6.1-win32-x86_64\sts-bundle\sts-3.8.2.RELEASE\plugins\org.apache.ant_1.9.6.v201510161327\lib\ant.jar;D:\work\IDE\spring-tool-suite-3.8.2.RELEASE-e4.6.1-win32-x86_64\sts-bundle\sts-3.8.2.RELEASE\plugins\org.apache.ant_1.9.6.v201510161327\lib\ant-junit.jar;D:\work\IDE\spring-tool-suite-3.8.2.RELEASE-e4.6.1-win32-x86_64\sts-bundle\sts-3.8.2.RELEASE\plugins\org.apache.ant_1.9.6.v201510161327\lib\ant-junit4.jar" />
    <property name="src.path" value="src/java" />
    <property name="ant.version" value="Apache Ant(TM) version 1.9.6 compiled on June 29 2015" />
    <property name="java.vm.specification.name" value="Java Virtual Machine Specification" />
    <property name="java.vm.specification.version" value="1.8" />
    <property name="sun.cpu.endian" value="little" />
    <property name="sun.os.patch.level" value="" />
    <property name="eclipse.pdebuild.home" value="/D:/work/IDE/spring-tool-suite-3.8.2.RELEASE-e4.6.1-win32-x86_64/sts-bundle/sts-3.8.2.RELEASE/plugins/org.eclipse.pde.build_3.9.200.v20160204-0642/./" />
    <property name="java.io.tmpdir" value="C:\Users\pc_hf\AppData\Local\Temp\" />
    <property name="java.vendor.url.bug" value="http://bugreport.sun.com/bugreport/" />
    <property name="lib.path" value="lib" />
    <property name="os.arch" value="amd64" />
    <property name="java.awt.graphicsenv" value="sun.awt.Win32GraphicsEnvironment" />
    <property name="java.ext.dirs" value="C:\Program Files\Java\jdk1.8.0_181\jre\lib\ext;C:\WINDOWS\Sun\Java\lib\ext" />
    <property name="user.dir" value="D:\work\IDE\stsWorkSpace\selenium3" />
    <property name="line.separator" value="&#xd;&#xa;" />
    <property name="java.vm.name" value="Java HotSpot(TM) 64-Bit Server VM" />
    <property name="build.path" value="build" />
    <property name="basedir" value="D:\work\IDE\stsWorkSpace\selenium3" />
    <property name="ant.java.version" value="1.8" />
    <property name="ant.core.lib" value="D:\work\IDE\spring-tool-suite-3.8.2.RELEASE-e4.6.1-win32-x86_64\sts-bundle\sts-3.8.2.RELEASE\plugins\org.apache.ant_1.9.6.v201510161327\lib\ant.jar" />
    <property name="test.path" value="src/test" />
    <property name="file.encoding" value="GBK" />
    <property name="java.specification.version" value="1.8" />
    <property name="ant.project.invoked-targets" value="junit" />
  </properties>
  <testcase classname="test.JunitTest" name="untitled" time="12.095" />
  <system-out><![CDATA[]]></system-out>
  <system-err><![CDATA[1562653456423	mozrunner::runner	INFO	Running command: "C:\\Program Files\\Mozilla Firefox\\firefox.exe" "-marionette" "-foreground" "-no-remote" "-profile" "C:\\Users\\pc_hf\\AppData\\Local\\Temp\\rust_mozprofile.T4jfBDM7j499"
1562653457769	addons.webextension.screenshots@mozilla.org	WARN	Loading extension 'screenshots@mozilla.org': Reading manifest: Invalid extension permission: mozillaAddons
1562653457769	addons.webextension.screenshots@mozilla.org	WARN	Loading extension 'screenshots@mozilla.org': Reading manifest: Invalid extension permission: resource://pdf.js/
1562653457769	addons.webextension.screenshots@mozilla.org	WARN	Loading extension 'screenshots@mozilla.org': Reading manifest: Invalid extension permission: about:reader*
1562653460818	Marionette	INFO	Listening on port 55387
1562653460887	Marionette	WARN	TLS certificate errors will be ignored for this session
七月 09, 2019 2:24:21 下午 org.openqa.selenium.remote.ProtocolHandshake createSession
信息: Detected dialect: W3C
七月 09, 2019 2:24:24 下午 org.openqa.selenium.interactions.Actions moveToElement
信息: When using the W3C Action commands, offsets are from the center of element
1562653464891	Marionette	INFO	Stopped listening on port 55387
[Parent 4128, Gecko_IOThread] WARNING: pipe error: 109: file z:/task_1560988636/build/src/ipc/chromium/src/chrome/common/ipc_channel_win.cc, line 341
[Child 14452, Chrome_ChildThread] WARNING: pipe error: 109: file z:/task_1560988636/build/src/ipc/chromium/src/chrome/common/ipc_channel_win.cc, line 341
[Child 14452, Chrome_ChildIPDL protocol error: Handler returned error code!

###!!! [Parent][DispatchAsyncMessage] Error: PLayerTransaction::Msg_ReleaseLayer Processing error: message was deserialized, but the handler returned false (indicating failure)

IPDL protocol error: Handler returned error code!

###!!! [Parent][DispatchAsyncMessage] Error: PLayerTransaction::Msg_ReleaseLayer Processing error: message was deserialized, but the handler returned false (indicating failure)

IPDL protocol error: Handler returned error code!

###!!! [Parent][DispatchAsyncMessage] Error: PLayerTransaction::Msg_ReleaseLayer Processing error: message was deserialized, but the handler returned false (indicating failure)

IPDL protocol error: Handler returned error code!

###!!! [Parent][DispatchAsyncMessage] Error: PLayerTransaction::Msg_ReleaseLayer Processing error: message was deserialized, but the handler returned false (indicating failure)


###!!! [Child][RunMessage] Error: Channel error: cannot send/recv


###!!! [Child][RunMessage] Error: Channel error: cannot send/recv


###!!! [Child][RunMessage] Error: Channel error: cannot send/recv


###!!! [Child][RunMessage] Error: Channel error: cannot send/recv


###!!! [Child][RunMessage] Error: Channel error: cannot send/recv


###!!! [Child][RunMessage] Error: Channel error: cannot send/recv


###!!! [Child][RunMessage] Error: Channel error: cannot send/recv


###!!! [Child][RunMessage] Error: Channel error: cannot send/recv


###!!! [Child][RunMessage] Error: Channel error: cannot send/recv


###!!! [Child][RunMessage] Error: Channel error: cannot send/recv


###!!! [Child][RunMessage] Error: Channel error: cannot send/recv


###!!! [Child][RunMessage] Error: Channel error: cannot send/recv


###!!! [Child][RunMessage] Error: Channel error: cannot send/recv

[Child 2740, Chrome_ChildThread] WARNING: pipe error: 109: file z:/task_1560988636/build/src/ipc/chromium/src/chrome/common/ipc_channel_win.cc, line 341

###!!! [Child][RunMessage] Error: Channel error: cannot send/recv


###!!! [Child][RunMessage] Error: Channel error: cannot send/recv


###!!! [Child][RunMessage] Error: Channel error: cannot send/recv


###!!! [Child][RunMessage] Error: Channel error: cannot send/recv


###!!! [Child][RunMessage] Error: Channel error: cannot send/recv


###!!! [Child][RunMessage] Error: Channel error: cannot send/recv

[Parent 4128, Gecko_IOThread] WARNING: pipe error: 109: file z:/task_1560988636/build/src/ipc/chromium/src/chrome/common/ipc_channel_win.cc, line 341

###!!! [Child][RunMessage] Error: Channel closing: too late to send/recv, messages will be lost

[GPU 13264, Chrome_ChildT
###!!! [Child][MessageChannel::SendAndWait] Error: Channel error: cannot send/recv

]]></system-err>
</testsuite>
